<?xml version="1.0" encoding="UTF-8"?>
<testsuite xmlns:xsi="http://www.w3.org/2001/XMLSchema-instance" xsi:noNamespaceSchemaLocation="https://maven.apache.org/surefire/maven-surefire-plugin/xsd/surefire-test-report-3.0.xsd" version="3.0" name="com.intuitive.crawler.AggregatorServiceTest" time="0.087" tests="6" errors="0" skipped="0" failures="0">
  <properties>
[...]
</properties>
  <testcase name="shouldHandleBrazilianNumberFormat" classname="com.intuitive.crawler.AggregatorServiceTest" time="0.036"/>
  <testcase name="shouldSortResultsByCnpj" classname="com.intuitive.crawler.AggregatorServiceTest" time="0.0"/>
  <testcase name="shouldReturnEmptyListForEmptyInput" classname="com.intuitive.crawler.AggregatorServiceTest" time="0.0"/>
  <testcase name="shouldAggregateRecordsByOperadoraAndConta" classname="com.intuitive.crawler.AggregatorServiceTest" time="0.003"/>
  <testcase name="shouldGroupByBothCnpjAndConta" classname="com.intuitive.crawler.AggregatorServiceTest" time="0.003"/>
  <testcase name="shouldIgnoreInvalidNumericValues" classname="com.intuitive.crawler.AggregatorServiceTest" time="0.002"/>
</testsuite>